2023-06-29 11:24:27  [ main:0 ] - [ DEBUG ]  成功创建Relay服务实例     监听端口: 53
2023-06-29 11:24:27  [ main:3 ] - [ INFO ]  Relay正在处理DNS请求...
2023-06-29 11:24:27  [ main:6 ] - [ INFO ]  启动每 5 秒保存缓存文件！
2023-06-29 11:24:27  [ Timer-0:6 ] - [ INFO ]  [2023-06-29 11:24:27] 正在保存缓存文件....done
2023-06-29 11:24:27  [ Timer-0:7 ] - [ INFO ]  [2023-06-29 11:24:27] 正在保存黑名单文件....done
2023-06-29 11:24:32  [ Timer-0:5006 ] - [ INFO ]  [2023-06-29 11:24:32] 正在保存缓存文件....done
2023-06-29 11:24:32  [ Timer-0:5007 ] - [ INFO ]  [2023-06-29 11:24:32] 正在保存黑名单文件....done
2023-06-29 11:24:34  [ pool-1-thread-1:6738 ] - [ DEBUG ]  已捕获DNS解析请求    域名: 1.0.0.127.in-addr.arpa.
2023-06-29 11:24:34  [ pool-1-thread-2:6740 ] - [ DEBUG ]  已捕获DNS解析请求    域名: www.taobao.com.
2023-06-29 11:24:34  [ pool-1-thread-2:6741 ] - [ INFO ]  获取ipv4地址...
2023-06-29 11:24:34  [ pool-1-thread-2:6741 ] - [ INFO ]  该域名不在缓存中! 正在远程获取...
2023-06-29 11:24:34  [ pool-1-thread-2:6744 ] - [ INFO ]  获取ipv4地址...done
2023-06-29 11:24:34  [ pool-1-thread-3:6747 ] - [ DEBUG ]  已捕获DNS解析请求    域名: www.taobao.com.
2023-06-29 11:24:34  [ pool-1-thread-3:6747 ] - [ INFO ]  获取ipv6地址...
2023-06-29 11:24:34  [ pool-1-thread-3:6747 ] - [ INFO ]  已在缓存中命中该域名！
2023-06-29 11:24:34  [ pool-1-thread-3:6747 ] - [ INFO ]  缓存中缺少该域名ipv6地址，正在远程获取...
2023-06-29 11:24:34  [ pool-1-thread-3:6750 ] - [ INFO ]  获取ipv6地址...done
2023-06-29 11:24:37  [ Timer-0:10007 ] - [ INFO ]  [2023-06-29 11:24:37] 正在保存缓存文件....done
2023-06-29 11:24:37  [ Timer-0:10010 ] - [ INFO ]  [2023-06-29 11:24:37] 正在保存黑名单文件....done
2023-06-29 11:24:42  [ Timer-0:15007 ] - [ INFO ]  [2023-06-29 11:24:42] 正在保存缓存文件....done
2023-06-29 11:24:42  [ Timer-0:15008 ] - [ INFO ]  [2023-06-29 11:24:42] 正在保存黑名单文件....done
2023-06-29 11:24:47  [ Timer-0:20009 ] - [ INFO ]  [2023-06-29 11:24:47] 正在保存缓存文件....done
2023-06-29 11:24:47  [ Timer-0:20009 ] - [ INFO ]  [2023-06-29 11:24:47] 正在保存黑名单文件....done
